<?xml version="1.0" encoding="UTF-8"?>
<testng-results skipped="0" failed="0" ignored="0" total="2" passed="2">
  <reporter-output>
  </reporter-output>
  <suite name="Suite" duration-ms="43916" started-at="2019-01-09T07:27:37Z" finished-at="2019-01-09T07:28:21Z">
    <groups>
    </groups>
    <test name="Test" duration-ms="42240" started-at="2019-01-09T07:27:37Z" finished-at="2019-01-09T07:28:19Z">
      <class name="com.parallel.ParallelDemo">
        <test-method status="PASS" signature="google1()[pri:0, instance:com.parallel.ParallelDemo@56f4468b]" name="google1" duration-ms="42194" started-at="2019-01-09T12:57:37Z" finished-at="2019-01-09T12:58:19Z">
          <reporter-output>
          </reporter-output>
        </test-method> <!-- google1 -->
      </class> <!-- com.parallel.ParallelDemo -->
    </test> <!-- Test -->
    <test name="Test1" duration-ms="43916" started-at="2019-01-09T07:27:37Z" finished-at="2019-01-09T07:28:21Z">
      <class name="com.parallel.ParallelDemo1">
        <test-method status="PASS" signature="google2()[pri:0, instance:com.parallel.ParallelDemo1@457e2f02]" name="google2" duration-ms="43870" started-at="2019-01-09T12:57:37Z" finished-at="2019-01-09T12:58:21Z">
          <reporter-output>
          </reporter-output>
        </test-method> <!-- google2 -->
      </class> <!-- com.parallel.ParallelDemo1 -->
    </test> <!-- Test1 -->
  </suite> <!-- Suite -->
</testng-results>
